Determining if the pthread_create exist failed with the following output:
Change Dir: /home/christos/catkin_ws/build/CMakeFiles/CMakeTmp

Run Build Command:/usr/bin/make "cmTryCompileExec3235699581/fast"
/usr/bin/make -f CMakeFiles/cmTryCompileExec3235699581.dir/build.make CMakeFiles/cmTryCompileExec3235699581.dir/build
make[1]: Entering directory `/home/christos/catkin_ws/build/CMakeFiles/CMakeTmp'
/usr/bin/cmake -E cmake_progress_report /home/christos/catkin_ws/build/CMakeFiles/CMakeTmp/CMakeFiles 1
Building C object CMakeFiles/cmTryCompileExec3235699581.dir/CheckSymbolExists.c.o
/usr/bin/cc    -o CMakeFiles/cmTryCompileExec3235699581.dir/CheckSymbolExists.c.o   -c /home/christos/catkin_ws/build/CMakeFiles/CMakeTmp/CheckSymbolExists.c
Linking C executable cmTryCompileExec3235699581
/usr/bin/cmake -E cmake_link_script CMakeFiles/cmTryCompileExec3235699581.dir/link.txt --verbose=1
/usr/bin/cc       CMakeFiles/cmTryCompileExec3235699581.dir/CheckSymbolExists.c.o  -o cmTryCompileExec3235699581 -rdynamic 
CMakeFiles/cmTryCompileExec3235699581.dir/CheckSymbolExists.c.o: In function `main':
CheckSymbolExists.c:(.text+0x16): undefined reference to `pthread_create'
collect2: error: ld returned 1 exit status
make[1]: Leaving directory `/home/christos/catkin_ws/build/CMakeFiles/CMakeTmp'
make[1]: *** [cmTryCompileExec3235699581] Error 1
make: *** [cmTryCompileExec3235699581/fast] Error 2

File /home/christos/catkin_ws/build/CMakeFiles/CMakeTmp/CheckSymbolExists.c:
/* */
#include <pthread.h>

int main(int argc, char** argv)
{
  (void)argv;
#ifndef pthread_create
  return ((int*)(&pthread_create))[argc];
#else
  (void)argc;
  return 0;
#endif
}

Determining if the function pthread_create exists in the pthreads failed with the following output:
Change Dir: /home/christos/catkin_ws/build/CMakeFiles/CMakeTmp

Run Build Command:/usr/bin/make "cmTryCompileExec35019989/fast"
/usr/bin/make -f CMakeFiles/cmTryCompileExec35019989.dir/build.make CMakeFiles/cmTryCompileExec35019989.dir/build
make[1]: Entering directory `/home/christos/catkin_ws/build/CMakeFiles/CMakeTmp'
/usr/bin/cmake -E cmake_progress_report /home/christos/catkin_ws/build/CMakeFiles/CMakeTmp/CMakeFiles 1
Building C object CMakeFiles/cmTryCompileExec35019989.dir/CheckFunctionExists.c.o
/usr/bin/cc   -DCHECK_FUNCTION_EXISTS=pthread_create   -o CMakeFiles/cmTryCompileExec35019989.dir/CheckFunctionExists.c.o   -c /usr/share/cmake-2.8/Modules/CheckFunctionExists.c
Linking C executable cmTryCompileExec35019989
/usr/bin/cmake -E cmake_link_script CMakeFiles/cmTryCompileExec35019989.dir/link.txt --verbose=1
/usr/bin/cc   -DCHECK_FUNCTION_EXISTS=pthread_create    CMakeFiles/cmTryCompileExec35019989.dir/CheckFunctionExists.c.o  -o cmTryCompileExec35019989 -rdynamic -lpthreads 
/usr/bin/ld: cannot find -lpthreads
collect2: error: ld returned 1 exit status
make[1]: Leaving directory `/home/christos/catkin_ws/build/CMakeFiles/CMakeTmp'
make[1]: *** [cmTryCompileExec35019989] Error 1
make: *** [cmTryCompileExec35019989/fast] Error 2


